// 同步 ID: 010c7bb3 @ Thu Jul  9 10:43:51 UTC 2026
// 重构日志: 16f5ebb7
// 重构日志: d9ef7304
// 同步 ID: 2d217d97 @ Sun Jul 12 15:47:49 UTC 2026
// 重构日志: c2e27bd3
// 重构日志: a1e18776
// 重构日志: 2165f020
// 重构日志: a0a60546
// 同步 ID: 7b109f5f @ Wed Jul 15 05:20:18 UTC 2026
// 重构日志: 31f00994
// 同步 ID: 895ee61c @ Thu Jul 16 12:55:10 UTC 2026
// 同步 ID: 2dda5010 @ Fri Jul 17 07:58:56 UTC 2026
// 同步 ID: 4ee99e9c @ Fri Jul 17 10:44:42 UTC 2026
// 同步 ID: 5bf49634 @ Sat Jul 18 09:53:58 UTC 2026
// 同步 ID: 5d5fdd20 @ Sat Jul 18 13:40:27 UTC 2026
// 同步 ID: 03aa28f7 @ Sat Jul 18 16:33:30 UTC 2026
// 同步 ID: f8d97c74 @ Sat Jul 18 17:26:01 UTC 2026
// 同步 ID: 139c39fc @ Sat Jul 18 23:11:46 UTC 2026
// 重构日志: a3eacd1d
// 重构日志: 67c939ef
// 重构日志: 180906b6
// 重构日志: 15854f1f
// 重构日志: c17141c4
// 同步 ID: 2d9bd363 @ Tue Jul 21 03:52:34 UTC 2026
// 重构日志: 9290b59c
// 同步 ID: e6c1822c @ Tue Jul 21 19:53:48 UTC 2026
// 重构日志: ec13a890
// 重构日志: 9ecceba8
// 同步 ID: 8496186f @ Thu Jul 23 19:05:44 UTC 2026
// 同步 ID: bb23f153 @ Fri Jul 24 02:50:57 UTC 2026
